android/build/outputs/logs/manifest-merger-debug-report.txt
-- Merging decision tree log ---
manifest
ADDED from UcanKuslar\android\AndroidManifest.xml:2:1-44:12
INJECTED from UcanKuslar\android\AndroidManifest.xml:2:1-44:12
INJECTED from UcanKuslar\android\AndroidManifest.xml:2:1-44:12
INJECTED from UcanKuslar\android\AndroidManifest.xml:2:1-44:12
MERGED from [com.android.support:appcompat-v7:28.0.0] AndroidManifest.xml:17:1-22:12
MERGED from [com.android.support.constraint:constraint-layout:1.1.3] AndroidManifest.xml:2:1-11:12
MERGED from [com.android.support:support-fragment:28.0.0] AndroidManifest.xml:17:1-22:12
MERGED from [com.android.support:animated-vector-drawable:28.0.0] AndroidManifest.xml:17:1-22:12
MERGED from [com.android.support:support-core-ui:28.0.0] AndroidManifest.xml:17:1-22:12
MERGED from [com.android.support:support-core-utils:28.0.0] AndroidManifest.xml:17:1-22:12
MERGED from [com.android.support:support-vector-drawable:28.0.0] AndroidManifest.xml:17:1-22:12
MERGED from [com.android.support:loader:28.0.0] AndroidManifest.xml:17:1-22:12
MERGED from [com.android.support:viewpager:28.0.0] AndroidManifest.xml:17:1-22:12
MERGED from [com.android.support:coordinatorlayout:28.0.0] AndroidManifest.xml:17:1-22:12
MERGED from [com.android.support:drawerlayout:28.0.0] AndroidManifest.xml:17:1-22:12
MERGED from [com.android.support:slidingpanelayout:28.0.0] AndroidManifest.xml:17:1-22:12
MERGED from [com.android.support:customview:28.0.0] AndroidManifest.xml:17:1-22:12
MERGED from [com.android.support:swiperefreshlayout:28.0.0] AndroidManifest.xml:17:1-22:12
MERGED from [com.android.support:asynclayoutinflater:28.0.0] AndroidManifest.xml:17:1-22:12
MERGED from [com.android.support:support-compat:28.0.0] AndroidManifest.xml:17:1-24:12
MERGED from [com.android.support:versionedparcelable:28.0.0] AndroidManifest.xml:17:1-25:12
MERGED from [com.android.support:cursoradapter:28.0.0] AndroidManifest.xml:17:1-22:12
MERGED from [android.arch.lifecycle:runtime:1.1.1] AndroidManifest.xml:17:1-22:12
MERGED from [com.android.support:documentfile:28.0.0] AndroidManifest.xml:17:1-22:12
MERGED from [com.android.support:localbroadcastmanager:28.0.0] AndroidManifest.xml:17:1-22:12
MERGED from [com.android.support:print:28.0.0] AndroidManifest.xml:17:1-22:12
MERGED from [android.arch.lifecycle:viewmodel:1.1.1] AndroidManifest.xml:17:1-22:12
MERGED from [android.arch.lifecycle:livedata:1.1.1] AndroidManifest.xml:17:1-22:12
MERGED from [android.arch.lifecycle:livedata-core:1.1.1] AndroidManifest.xml:17:1-22:12
MERGED from [android.arch.core:runtime:1.1.1] AndroidManifest.xml:17:1-22:12
MERGED from [com.android.support:interpolator:28.0.0] AndroidManifest.xml:17:1-22:12
INJECTED from UcanKuslar\android\AndroidManifest.xml:2:1-44:12
INJECTED from UcanKuslar\android\AndroidManifest.xml:2:1-44:12
INJECTED from UcanKuslar\android\AndroidManifest.xml:2:1-44:12
	package
		ADDED from UcanKuslar\android\AndroidManifest.xml:5:5-33
		INJECTED from UcanKuslar\android\AndroidManifest.xml
		INJECTED from UcanKuslar\android\AndroidManifest.xml
	xmlns:ads
		ADDED from UcanKuslar\android\AndroidManifest.xml:3:5-56
	android:versionName
		INJECTED from UcanKuslar\android\AndroidManifest.xml
		ADDED from UcanKuslar\android\AndroidManifest.xml:2:1-44:12
		INJECTED from UcanKuslar\android\AndroidManifest.xml
	xmlns:tools
		ADDED from UcanKuslar\android\AndroidManifest.xml:4:5-51
	android:versionCode
		INJECTED from UcanKuslar\android\AndroidManifest.xml
		ADDED from UcanKuslar\android\AndroidManifest.xml:2:1-44:12
		INJECTED from UcanKuslar\android\AndroidManifest.xml
	xmlns:android
		ADDED from UcanKuslar\android\AndroidManifest.xml:2:11-69
uses-sdk
ADDED from UcanKuslar\android\AndroidManifest.xml:7:5-71
INJECTED from UcanKuslar\android\AndroidManifest.xml:7:5-71
INJECTED from UcanKuslar\android\AndroidManifest.xml:7:5-71
MERGED from [com.android.support:appcompat-v7:28.0.0] AndroidManifest.xml:20:5-44
MERGED from [com.android.support:appcompat-v7:28.0.0] AndroidManifest.xml:20:5-44
MERGED from [com.android.support.constraint:constraint-layout:1.1.3] AndroidManifest.xml:5:5-7:41
MERGED from [com.android.support.constraint:constraint-layout:1.1.3] AndroidManifest.xml:5:5-7:41
MERGED from [com.android.support:support-fragment:28.0.0] AndroidManifest.xml:20:5-44
MERGED from [com.android.support:support-fragment:28.0.0] AndroidManifest.xml:20:5-44
MERGED from [com.android.support:animated-vector-drawable:28.0.0] AndroidManifest.xml:20:5-44
MERGED from [com.android.support:animated-vector-drawable:28.0.0] AndroidManifest.xml:20:5-44
MERGED from [com.android.support:support-core-ui:28.0.0] AndroidManifest.xml:20:5-44
MERGED from [com.android.support:support-core-ui:28.0.0] AndroidManifest.xml:20:5-44
MERGED from [com.android.support:support-core-utils:28.0.0] AndroidManifest.xml:20:5-44
MERGED from [com.android.support:support-core-utils:28.0.0] AndroidManifest.xml:20:5-44
MERGED from [com.android.support:support-vector-drawable:28.0.0] AndroidManifest.xml:20:5-44
MERGED from [com.android.support:support-vector-drawable:28.0.0] AndroidManifest.xml:20:5-44
MERGED from [com.android.support:loader:28.0.0] AndroidManifest.xml:20:5-44
MERGED from [com.android.support:loader:28.0.0] AndroidManifest.xml:20:5-44
MERGED from [com.android.support:viewpager:28.0.0] AndroidManifest.xml:20:5-44
MERGED from [com.android.support:viewpager:28.0.0] AndroidManifest.xml:20:5-44
MERGED from [com.android.support:coordinatorlayout:28.0.0] AndroidManifest.xml:20:5-44
MERGED from [com.android.support:coordinatorlayout:28.0.0] AndroidManifest.xml:20:5-44
MERGED from [com.android.support:drawerlayout:28.0.0] AndroidManifest.xml:20:5-44
MERGED from [com.android.support:drawerlayout:28.0.0] AndroidManifest.xml:20:5-44
MERGED from [com.android.support:slidingpanelayout:28.0.0] AndroidManifest.xml:20:5-44
MERGED from [com.android.support:slidingpanelayout:28.0.0] AndroidManifest.xml:20:5-44
MERGED from [com.android.support:customview:28.0.0] AndroidManifest.xml:20:5-44
MERGED from [com.android.support:customview:28.0.0] AndroidManifest.xml:20:5-44
MERGED from [com.android.support:swiperefreshlayout:28.0.0] AndroidManifest.xml:20:5-44
MERGED from [com.android.support:swiperefreshlayout:28.0.0] AndroidManifest.xml:20:5-44
MERGED from [com.android.support:asynclayoutinflater:28.0.0] AndroidManifest.xml:20:5-44
MERGED from [com.android.support:asynclayoutinflater:28.0.0] AndroidManifest.xml:20:5-44
MERGED from [com.android.support:support-compat:28.0.0] AndroidManifest.xml:20:5-44
MERGED from [com.android.support:support-compat:28.0.0] AndroidManifest.xml:20:5-44
MERGED from [com.android.support:versionedparcelable:28.0.0] AndroidManifest.xml:20:5-44
MERGED from [com.android.support:versionedparcelable:28.0.0] AndroidManifest.xml:20:5-44
MERGED from [com.android.support:cursoradapter:28.0.0] AndroidManifest.xml:20:5-44
MERGED from [com.android.support:cursoradapter:28.0.0] AndroidManifest.xml:20:5-44
MERGED from [android.arch.lifecycle:runtime:1.1.1] AndroidManifest.xml:20:5-44
MERGED from [android.arch.lifecycle:runtime:1.1.1] AndroidManifest.xml:20:5-44
MERGED from [com.android.support:documentfile:28.0.0] AndroidManifest.xml:20:5-44
MERGED from [com.android.support:documentfile:28.0.0] AndroidManifest.xml:20:5-44
MERGED from [com.android.support:localbroadcastmanager:28.0.0] AndroidManifest.xml:20:5-44
MERGED from [com.android.support:localbroadcastmanager:28.0.0] AndroidManifest.xml:20:5-44
MERGED from [com.android.support:print:28.0.0] AndroidManifest.xml:20:5-44
MERGED from [com.android.support:print:28.0.0] AndroidManifest.xml:20:5-44
MERGED from [android.arch.lifecycle:viewmodel:1.1.1] AndroidManifest.xml:20:5-44
MERGED from [android.arch.lifecycle:viewmodel:1.1.1] AndroidManifest.xml:20:5-44
MERGED from [android.arch.lifecycle:livedata:1.1.1] AndroidManifest.xml:20:5-44
MERGED from [android.arch.lifecycle:livedata:1.1.1] AndroidManifest.xml:20:5-44
MERGED from [android.arch.lifecycle:livedata-core:1.1.1] AndroidManifest.xml:20:5-44
MERGED from [android.arch.lifecycle:livedata-core:1.1.1] AndroidManifest.xml:20:5-44
MERGED from [android.arch.core:runtime:1.1.1] AndroidManifest.xml:20:5-44
MERGED from [android.arch.core:runtime:1.1.1] AndroidManifest.xml:20:5-44
MERGED from [com.android.support:interpolator:28.0.0] AndroidManifest.xml:20:5-44
MERGED from [com.android.support:interpolator:28.0.0] AndroidManifest.xml:20:5-44
INJECTED from UcanKuslar\android\AndroidManifest.xml:7:5-71
INJECTED from UcanKuslar\android\AndroidManifest.xml:7:5-71
	tools:overrideLibrary
		ADDED from UcanKuslar\android\AndroidManifest.xml:7:15-68
	android:targetSdkVersion
		INJECTED from UcanKuslar\android\AndroidManifest.xml
		ADDED from UcanKuslar\android\AndroidManifest.xml:7:5-71
		INJECTED from UcanKuslar\android\AndroidManifest.xml
	android:minSdkVersion
		INJECTED from UcanKuslar\android\AndroidManifest.xml
		ADDED from UcanKuslar\android\AndroidManifest.xml:7:5-71
		INJECTED from UcanKuslar\android\AndroidManifest.xml
uses-permission#android.permission.INTERNET
ADDED from UcanKuslar\android\AndroidManifest.xml:9:5-67
	android:name
		ADDED from UcanKuslar\android\AndroidManifest.xml:9:22-64
uses-permission#android.permission.ACCESS_NETWORK_STATE
ADDED from UcanKuslar\android\AndroidManifest.xml:10:5-79
	android:name
		ADDED from UcanKuslar\android\AndroidManifest.xml:10:22-76
application
ADDED from UcanKuslar\android\AndroidManifest.xml:12:5-42:19
MERGED from [com.android.support.constraint:constraint-layout:1.1.3] AndroidManifest.xml:9:5-20
MERGED from [com.android.support.constraint:constraint-layout:1.1.3] AndroidManifest.xml:9:5-20
MERGED from [com.android.support:support-compat:28.0.0] AndroidManifest.xml:22:5-94
MERGED from [com.android.support:support-compat:28.0.0] AndroidManifest.xml:22:5-94
MERGED from [com.android.support:versionedparcelable:28.0.0] AndroidManifest.xml:22:5-23:19
MERGED from [com.android.support:versionedparcelable:28.0.0] AndroidManifest.xml:22:5-23:19
	android:appComponentFactory
		ADDED from [com.android.support:support-compat:28.0.0] AndroidManifest.xml:22:18-91
	android:label
		ADDED from UcanKuslar\android\AndroidManifest.xml:15:9-39
	tools:ignore
		ADDED from UcanKuslar\android\AndroidManifest.xml:17:9-35
	android:icon
		ADDED from UcanKuslar\android\AndroidManifest.xml:14:9-43
	android:allowBackup
		ADDED from UcanKuslar\android\AndroidManifest.xml:13:9-35
	android:theme
		ADDED from UcanKuslar\android\AndroidManifest.xml:16:9-40
activity#com.mab.ucankuslar.AndroidLauncher
ADDED from UcanKuslar\android\AndroidManifest.xml:18:9-39:20
	android:screenOrientation
		ADDED from UcanKuslar\android\AndroidManifest.xml:22:13-50
	android:label
		ADDED from UcanKuslar\android\AndroidManifest.xml:21:13-43
	android:configChanges
		ADDED from UcanKuslar\android\AndroidManifest.xml:20:13-107
	android:name
		ADDED from UcanKuslar\android\AndroidManifest.xml:19:13-44
meta-data#com.google.android.gms.ads.APPLICATION_ID
ADDED from UcanKuslar\android\AndroidManifest.xml:24:13-26:76
	android:value
		ADDED from UcanKuslar\android\AndroidManifest.xml:26:17-73
	android:name
		ADDED from UcanKuslar\android\AndroidManifest.xml:25:17-73
meta-data#com.google.android.gms.ads.ca-app-pub-4055756653297968~7811372494
ADDED from UcanKuslar\android\AndroidManifest.xml:28:13-30:39
	android:value
		ADDED from UcanKuslar\android\AndroidManifest.xml:30:17-37
	android:name
		ADDED from UcanKuslar\android\AndroidManifest.xml:29:17-97
intent-filter#action:name:android.intent.action.MAIN+action:name:android.intent.action.VIEW+category:name:android.intent.category.LAUNCHER
ADDED from UcanKuslar\android\AndroidManifest.xml:32:13-38:29
action#android.intent.action.MAIN
ADDED from UcanKuslar\android\AndroidManifest.xml:33:17-69
	android:name
		ADDED from UcanKuslar\android\AndroidManifest.xml:33:25-66
category#android.intent.category.LAUNCHER
ADDED from UcanKuslar\android\AndroidManifest.xml:35:17-77
	android:name
		ADDED from UcanKuslar\android\AndroidManifest.xml:35:27-74
action#android.intent.action.VIEW
ADDED from UcanKuslar\android\AndroidManifest.xml:37:17-69
	android:name
		ADDED from UcanKuslar\android\AndroidManifest.xml:37:25-66
activity#com.mab.ucankuslar.MainActivity
ADDED from UcanKuslar\android\AndroidManifest.xml:40:9-59
	android:name
		ADDED from UcanKuslar\android\AndroidManifest.xml:40:19-47